d:\內建\desktop\digital_image_processing\20220610\helloqcap\helloqcap\x64\release\helloqcap.pch
d:\內建\desktop\digital_image_processing\20220610\helloqcap\helloqcap\x64\release\vc142.pdb
d:\內建\desktop\digital_image_processing\20220610\helloqcap\helloqcap\x64\release\pch.obj
d:\內建\desktop\digital_image_processing\20220610\helloqcap\helloqcap\x64\release\helloqcapdlg.obj
d:\內建\desktop\digital_image_processing\20220610\helloqcap\helloqcap\x64\release\helloqcap.obj
d:\內建\desktop\digital_image_processing\20220610\helloqcap\x64\release\helloqcap.exe
d:\內建\desktop\digital_image_processing\20220610\helloqcap\x64\release\helloqcap.pdb
d:\內建\desktop\digital_image_processing\20220610\helloqcap\helloqcap\x64\release\helloqcap.res
d:\內建\desktop\digital_image_processing\dip_final_108321042\helloqcap\helloqcap\x64\release\helloqcap.obj
d:\內建\desktop\digital_image_processing\dip_final_108321042\helloqcap\helloqcap\x64\release\helloqcapdlg.obj
d:\內建\desktop\digital_image_processing\dip_final_108321042\helloqcap\helloqcap\x64\release\pch.obj
d:\內建\desktop\digital_image_processing\dip_final_108321042\helloqcap\helloqcap\x64\release\helloqcap.res
d:\內建\desktop\digital_image_processing\dip_final_108321042\helloqcap\helloqcap\x64\release\helloqcap.pch
d:\內建\desktop\digital_image_processing\dip_final_108321042\helloqcap\helloqcap\x64\release\vc142.pdb
d:\內建\desktop\digital_image_processing\dip_final_108321042\helloqcap\x64\release\helloqcap.pdb
d:\內建\desktop\digital_image_processing\dip_final_108321042\helloqcap\x64\release\helloqcap.exe
d:\內建\desktop\digital_image_processing\dip_final_108321042\helloqcap\helloqcap\x64\release\helloqcap.tlog\cl.command.1.tlog
d:\內建\desktop\digital_image_processing\dip_final_108321042\helloqcap\helloqcap\x64\release\helloqcap.tlog\cl.read.1.tlog
d:\內建\desktop\digital_image_processing\dip_final_108321042\helloqcap\helloqcap\x64\release\helloqcap.tlog\cl.write.1.tlog
d:\內建\desktop\digital_image_processing\dip_final_108321042\helloqcap\helloqcap\x64\release\helloqcap.tlog\link.command.1.tlog
d:\內建\desktop\digital_image_processing\dip_final_108321042\helloqcap\helloqcap\x64\release\helloqcap.tlog\link.read.1.tlog
d:\內建\desktop\digital_image_processing\dip_final_108321042\helloqcap\helloqcap\x64\release\helloqcap.tlog\link.write.1.tlog
d:\內建\desktop\digital_image_processing\dip_final_108321042\helloqcap\helloqcap\x64\release\helloqcap.tlog\rc.command.1.tlog
d:\內建\desktop\digital_image_processing\dip_final_108321042\helloqcap\helloqcap\x64\release\helloqcap.tlog\rc.read.1.tlog
d:\內建\desktop\digital_image_processing\dip_final_108321042\helloqcap\helloqcap\x64\release\helloqcap.tlog\rc.write.1.tlog
